0 info it worked if it ends with ok
1 verbose cli [ '/usr/local/Cellar/node/7.7.4/bin/node',
1 verbose cli   '/usr/local/bin/npm',
1 verbose cli   'run',
1 verbose cli   'test' ]
2 info using npm@4.1.2
3 info using node@v7.7.4
4 verbose run-script [ 'pretest', 'test', 'posttest' ]
5 info lifecycle cloudron-surfer@3.0.0~pretest: cloudron-surfer@3.0.0
6 silly lifecycle cloudron-surfer@3.0.0~pretest: no script for pretest, continuing
7 info lifecycle cloudron-surfer@3.0.0~test: cloudron-surfer@3.0.0
8 verbose lifecycle cloudron-surfer@3.0.0~test: unsafe-perm in lifecycle true
9 verbose lifecycle cloudron-surfer@3.0.0~test: PATH: /usr/local/lib/node_modules/npm/bin/node-gyp-bin:/Users/arantes/cloudron/surfer/node_modules/.bin:/usr/local/bin:/usr/bin:/bin:/usr/sbin:/sbin:/opt/X11/bin:/usr/local/MacGPG2/bin:/Library/TeX/texbin:/Users/arantes/context/tex/texmf-osx-64/bin
10 verbose lifecycle cloudron-surfer@3.0.0~test: CWD: /Users/arantes/cloudron/surfer
11 silly lifecycle cloudron-surfer@3.0.0~test: Args: [ '-c',
11 silly lifecycle   './node_modules/mocha/bin/_mocha -R spec ./test/test.js' ]
12 silly lifecycle cloudron-surfer@3.0.0~test: Returned: code: 1  signal: null
13 info lifecycle cloudron-surfer@3.0.0~test: Failed to exec test script
14 verbose stack Error: cloudron-surfer@3.0.0 test: `./node_modules/mocha/bin/_mocha -R spec ./test/test.js`
14 verbose stack Exit status 1
14 verbose stack     at EventEmitter.<anonymous> (/usr/local/lib/node_modules/npm/lib/utils/lifecycle.js:279:16)
14 verbose stack     at emitTwo (events.js:106:13)
14 verbose stack     at EventEmitter.emit (events.js:194:7)
14 verbose stack     at ChildProcess.<anonymous> (/usr/local/lib/node_modules/npm/lib/utils/spawn.js:40:14)
14 verbose stack     at emitTwo (events.js:106:13)
14 verbose stack     at ChildProcess.emit (events.js:194:7)
14 verbose stack     at maybeClose (internal/child_process.js:899:16)
14 verbose stack     at Process.ChildProcess._handle.onexit (internal/child_process.js:226:5)
15 verbose pkgid cloudron-surfer@3.0.0
16 verbose cwd /Users/arantes/cloudron/surfer
17 error Darwin 16.4.0
18 error argv "/usr/local/Cellar/node/7.7.4/bin/node" "/usr/local/bin/npm" "run" "test"
19 error node v7.7.4
20 error npm  v4.1.2
21 error code ELIFECYCLE
22 error cloudron-surfer@3.0.0 test: `./node_modules/mocha/bin/_mocha -R spec ./test/test.js`
22 error Exit status 1
23 error Failed at the cloudron-surfer@3.0.0 test script './node_modules/mocha/bin/_mocha -R spec ./test/test.js'.
23 error Make sure you have the latest version of node.js and npm installed.
23 error If you do, this is most likely a problem with the cloudron-surfer package,
23 error not with npm itself.
23 error Tell the author that this fails on your system:
23 error     ./node_modules/mocha/bin/_mocha -R spec ./test/test.js
23 error You can get information on how to open an issue for this project with:
23 error     npm bugs cloudron-surfer
23 error Or if that isn't available, you can get their info via:
23 error     npm owner ls cloudron-surfer
23 error There is likely additional logging output above.
24 verbose exit [ 1, true ]
